<?xml version="1.0" encoding="UTF-8"?>
<testng-results ignored="0" total="2" passed="2" failed="0" skipped="0">
  <reporter-output>
  </reporter-output>
  <suite started-at="2022-01-17T14:29:37 IST" name="Suite" finished-at="2022-01-17T14:30:06 IST" duration-ms="28851">
    <groups>
    </groups>
    <test started-at="2022-01-17T14:29:37 IST" name="Test" finished-at="2022-01-17T14:30:06 IST" duration-ms="28851">
      <class name="com.ebanking.testCases.LoginTest">
        <test-method is-config="true" signature="setup()[pri:0, instance:com.ebanking.testCases.LoginTest@290dbf45]" started-at="2022-01-17T14:29:38 IST" name="setup" finished-at="2022-01-17T14:29:49 IST" duration-ms="11036" status="PASS">
          <reporter-output>
          </reporter-output>
        </test-method> <!-- setup -->
        <test-method signature="loginApp()[pri:0, instance:com.ebanking.testCases.LoginTest@290dbf45]" started-at="2022-01-17T14:29:49 IST" name="loginApp" finished-at="2022-01-17T14:29:51 IST" duration-ms="1734" status="PASS">
          <reporter-output>
          </reporter-output>
        </test-method> <!-- loginApp -->
        <test-method is-config="true" signature="tearDown()[pri:0, instance:com.ebanking.testCases.LoginTest@290dbf45]" started-at="2022-01-17T14:29:51 IST" name="tearDown" finished-at="2022-01-17T14:29:51 IST" duration-ms="86" status="PASS">
          <reporter-output>
          </reporter-output>
        </test-method> <!-- tearDown -->
      </class> <!-- com.ebanking.testCases.LoginTest -->
      <class name="com.ebanking.testCases.NewCustomerTest">
        <test-method is-config="true" signature="setup()[pri:0, instance:com.ebanking.testCases.NewCustomerTest@12028586]" started-at="2022-01-17T14:29:51 IST" name="setup" finished-at="2022-01-17T14:30:00 IST" duration-ms="8989" status="PASS">
          <reporter-output>
          </reporter-output>
        </test-method> <!-- setup -->
        <test-method signature="loginAppAddNewCust()[pri:0, instance:com.ebanking.testCases.NewCustomerTest@12028586]" started-at="2022-01-17T14:30:00 IST" name="loginAppAddNewCust" finished-at="2022-01-17T14:30:06 IST" duration-ms="6522" status="PASS">
          <reporter-output>
          </reporter-output>
        </test-method> <!-- loginAppAddNewCust -->
        <test-method is-config="true" signature="tearDown()[pri:0, instance:com.ebanking.testCases.NewCustomerTest@12028586]" started-at="2022-01-17T14:30:06 IST" name="tearDown" finished-at="2022-01-17T14:30:06 IST" duration-ms="79" status="PASS">
          <reporter-output>
          </reporter-output>
        </test-method> <!-- tearDown -->
      </class> <!-- com.ebanking.testCases.NewCustomerTest -->
    </test> <!-- Test -->
  </suite> <!-- Suite -->
</testng-results>
