<?xml version="1.0" encoding="UTF-8"?>
<testng-results ignored="0" total="1" passed="1" failed="0" skipped="0">
  <reporter-output>
  </reporter-output>
  <suite started-at="2022-01-16T20:14:57 IST" name="Default suite" finished-at="2022-01-16T20:15:21 IST" duration-ms="24320">
    <groups>
    </groups>
    <test started-at="2022-01-16T20:14:57 IST" name="Default test" finished-at="2022-01-16T20:15:21 IST" duration-ms="24320">
      <class name="com.ebanking.testCases.NewCustomerTest">
        <test-method is-config="true" signature="setup()[pri:0, instance:com.ebanking.testCases.NewCustomerTest@7ed7259e]" started-at="2022-01-16T20:14:57 IST" name="setup" finished-at="2022-01-16T20:15:11 IST" duration-ms="14061" status="PASS">
          <reporter-output>
          </reporter-output>
        </test-method> <!-- setup -->
        <test-method signature="loginAppAddNewCust()[pri:0, instance:com.ebanking.testCases.NewCustomerTest@7ed7259e]" started-at="2022-01-16T20:15:11 IST" name="loginAppAddNewCust" finished-at="2022-01-16T20:15:21 IST" duration-ms="9619" status="PASS">
          <reporter-output>
          </reporter-output>
        </test-method> <!-- loginAppAddNewCust -->
        <test-method is-config="true" signature="tearDown()[pri:0, instance:com.ebanking.testCases.NewCustomerTest@7ed7259e]" started-at="2022-01-16T20:15:21 IST" name="tearDown" finished-at="2022-01-16T20:15:21 IST" duration-ms="554" status="PASS">
          <reporter-output>
          </reporter-output>
        </test-method> <!-- tearDown -->
      </class> <!-- com.ebanking.testCases.NewCustomerTest -->
    </test> <!-- Default test -->
  </suite> <!-- Default suite -->
</testng-results>
